2023-02-06 20:21:59,630 - root - INFO - Setting Device to: NVIDIA RTX A5000
2023-02-06 20:21:59,630 - root - INFO - Validating Model with VP1_0_RuheEKG.csv
2023-02-06 20:21:59,666 - root - INFO - Validation Data Shape: (200000, 8)
2023-02-06 20:22:00,160 - root - INFO - Test Input Shape: torch.Size([1, 200000])
2023-02-06 20:22:00,160 - root - INFO - Test Target Shape: torch.Size([1, 200000])
2023-02-06 20:22:35,424 - root - INFO - torch.Size([1, 200000])
2023-02-06 20:22:35,424 - root - INFO - torch.Size([1, 200000])
2023-02-06 20:22:35,780 - root - INFO - Validating Model with VP8_Scenario1_0_MRF.csv
2023-02-06 20:22:35,837 - root - INFO - Validation Data Shape: (200000, 11)
2023-02-06 20:22:36,823 - root - INFO - Test Input Shape: torch.Size([1, 200000])
2023-02-06 20:22:36,824 - root - INFO - Test Target Shape: torch.Size([1, 200000])
2023-02-06 20:23:10,098 - root - INFO - torch.Size([1, 200000])
2023-02-06 20:23:10,098 - root - INFO - torch.Size([1, 200000])
2023-02-06 20:23:10,449 - root - INFO - Validating Model with VP8_Scenario1_1_MRF.csv
2023-02-06 20:23:10,509 - root - INFO - Validation Data Shape: (200000, 11)
2023-02-06 20:23:11,498 - root - INFO - Test Input Shape: torch.Size([1, 200000])
2023-02-06 20:23:11,498 - root - INFO - Test Target Shape: torch.Size([1, 200000])
2023-02-06 20:23:44,858 - root - INFO - torch.Size([1, 200000])
2023-02-06 20:23:44,859 - root - INFO - torch.Size([1, 200000])
2023-02-06 20:23:45,217 - root - INFO - Validating Model with VP8_Scenario1_2_MRF.csv
2023-02-06 20:23:45,272 - root - INFO - Validation Data Shape: (194257, 11)
2023-02-06 20:23:46,232 - root - INFO - Test Input Shape: torch.Size([1, 194257])
2023-02-06 20:23:46,232 - root - INFO - Test Target Shape: torch.Size([1, 194257])
2023-02-06 20:24:18,522 - root - INFO - torch.Size([1, 194257])
2023-02-06 20:24:18,522 - root - INFO - torch.Size([1, 194257])
2023-02-06 20:24:18,862 - root - INFO - Validating Model with VP7_0_RuheEKG.csv
2023-02-06 20:24:18,899 - root - INFO - Validation Data Shape: (200000, 8)
2023-02-06 20:24:19,393 - root - INFO - Test Input Shape: torch.Size([1, 200000])
2023-02-06 20:24:19,393 - root - INFO - Test Target Shape: torch.Size([1, 200000])
2023-02-06 20:24:52,568 - root - INFO - torch.Size([1, 200000])
2023-02-06 20:24:52,568 - root - INFO - torch.Size([1, 200000])
2023-02-06 20:24:52,920 - root - INFO - Validating Model with VP17_RuheEKG.csv
2023-02-06 20:24:52,932 - root - INFO - Validation Data Shape: (66546, 8)
2023-02-06 20:24:53,098 - root - INFO - Test Input Shape: torch.Size([1, 66546])
2023-02-06 20:24:53,098 - root - INFO - Test Target Shape: torch.Size([1, 66546])
2023-02-06 20:25:04,191 - root - INFO - torch.Size([1, 66546])
2023-02-06 20:25:04,191 - root - INFO - torch.Size([1, 66546])
2023-02-06 20:25:04,305 - root - INFO - Validating Model with VP14_0_RuheEKG.csv
2023-02-06 20:25:04,341 - root - INFO - Validation Data Shape: (200000, 8)
2023-02-06 20:25:04,841 - root - INFO - Test Input Shape: torch.Size([1, 200000])
2023-02-06 20:25:04,841 - root - INFO - Test Target Shape: torch.Size([1, 200000])
2023-02-06 20:25:38,267 - root - INFO - torch.Size([1, 200000])
2023-02-06 20:25:38,267 - root - INFO - torch.Size([1, 200000])
2023-02-06 20:25:38,622 - root - INFO - Validating Model with VP14_1_RuheEKG.csv
2023-02-06 20:25:38,644 - root - INFO - Validation Data Shape: (101044, 8)
2023-02-06 20:25:38,894 - root - INFO - Test Input Shape: torch.Size([1, 101044])
2023-02-06 20:25:38,894 - root - INFO - Test Target Shape: torch.Size([1, 101044])
2023-02-06 20:25:55,754 - root - INFO - torch.Size([1, 101044])
2023-02-06 20:25:55,754 - root - INFO - torch.Size([1, 101044])
2023-02-06 20:25:55,926 - root - INFO - Validating Model with VP4_Scenario1_0_MRF.csv
2023-02-06 20:25:55,986 - root - INFO - Validation Data Shape: (200000, 11)
2023-02-06 20:25:56,979 - root - INFO - Test Input Shape: torch.Size([1, 200000])
2023-02-06 20:25:56,979 - root - INFO - Test Target Shape: torch.Size([1, 200000])
2023-02-06 20:26:30,491 - root - INFO - torch.Size([1, 200000])
2023-02-06 20:26:30,491 - root - INFO - torch.Size([1, 200000])
2023-02-06 20:26:30,841 - root - INFO - Validating Model with VP4_Scenario1_1_MRF.csv
2023-02-06 20:26:30,902 - root - INFO - Validation Data Shape: (200000, 11)
2023-02-06 20:26:31,884 - root - INFO - Test Input Shape: torch.Size([1, 200000])
2023-02-06 20:26:31,884 - root - INFO - Test Target Shape: torch.Size([1, 200000])
2023-02-06 20:27:05,369 - root - INFO - torch.Size([1, 200000])
2023-02-06 20:27:05,369 - root - INFO - torch.Size([1, 200000])
2023-02-06 20:27:05,722 - root - INFO - Validating Model with VP4_Scenario1_2_MRF.csv
2023-02-06 20:27:05,779 - root - INFO - Validation Data Shape: (189520, 11)
2023-02-06 20:27:06,721 - root - INFO - Test Input Shape: torch.Size([1, 189520])
2023-02-06 20:27:06,721 - root - INFO - Test Target Shape: torch.Size([1, 189520])
2023-02-06 20:27:38,471 - root - INFO - torch.Size([1, 189520])
2023-02-06 20:27:38,471 - root - INFO - torch.Size([1, 189520])
2023-02-06 20:27:38,802 - root - INFO - Validating Model with VP6_Scenario1_0_MRF.csv
2023-02-06 20:27:38,862 - root - INFO - Validation Data Shape: (200000, 11)
2023-02-06 20:27:39,858 - root - INFO - Test Input Shape: torch.Size([1, 200000])
2023-02-06 20:27:39,858 - root - INFO - Test Target Shape: torch.Size([1, 200000])
2023-02-06 20:28:13,060 - root - INFO - torch.Size([1, 200000])
2023-02-06 20:28:13,061 - root - INFO - torch.Size([1, 200000])
2023-02-06 20:28:13,425 - root - INFO - Validating Model with VP6_Scenario1_1_MRF.csv
2023-02-06 20:28:13,488 - root - INFO - Validation Data Shape: (200000, 11)
2023-02-06 20:28:14,471 - root - INFO - Test Input Shape: torch.Size([1, 200000])
2023-02-06 20:28:14,471 - root - INFO - Test Target Shape: torch.Size([1, 200000])
2023-02-06 20:28:47,745 - root - INFO - torch.Size([1, 200000])
2023-02-06 20:28:47,745 - root - INFO - torch.Size([1, 200000])
2023-02-06 20:28:48,098 - root - INFO - Validating Model with VP6_Scenario1_2_MRF.csv
2023-02-06 20:28:48,158 - root - INFO - Validation Data Shape: (200000, 11)
2023-02-06 20:28:49,150 - root - INFO - Test Input Shape: torch.Size([1, 200000])
2023-02-06 20:28:49,150 - root - INFO - Test Target Shape: torch.Size([1, 200000])
2023-02-06 20:29:22,555 - root - INFO - torch.Size([1, 200000])
2023-02-06 20:29:22,555 - root - INFO - torch.Size([1, 200000])
2023-02-06 20:29:22,908 - root - INFO - Validating Model with VP19_Scenario1_2_MRF.csv
2023-02-06 20:29:22,963 - root - INFO - Validation Data Shape: (191970, 11)
2023-02-06 20:29:23,915 - root - INFO - Test Input Shape: torch.Size([1, 191970])
2023-02-06 20:29:23,915 - root - INFO - Test Target Shape: torch.Size([1, 191970])
2023-02-06 20:29:55,921 - root - INFO - torch.Size([1, 191970])
2023-02-06 20:29:55,921 - root - INFO - torch.Size([1, 191970])
2023-02-06 20:29:56,264 - root - INFO - Validating Model with VP19_Scenario1_1_MRF.csv
2023-02-06 20:29:56,324 - root - INFO - Validation Data Shape: (200000, 11)
2023-02-06 20:29:57,311 - root - INFO - Test Input Shape: torch.Size([1, 200000])
2023-02-06 20:29:57,311 - root - INFO - Test Target Shape: torch.Size([1, 200000])
2023-02-06 20:30:30,828 - root - INFO - torch.Size([1, 200000])
2023-02-06 20:30:30,828 - root - INFO - torch.Size([1, 200000])
2023-02-06 20:30:31,182 - root - INFO - Validating Model with VP19_Scenario1_0_MRF.csv
2023-02-06 20:30:31,239 - root - INFO - Validation Data Shape: (200000, 11)
2023-02-06 20:30:32,221 - root - INFO - Test Input Shape: torch.Size([1, 200000])
2023-02-06 20:30:32,221 - root - INFO - Test Target Shape: torch.Size([1, 200000])
2023-02-06 20:31:05,591 - root - INFO - torch.Size([1, 200000])
2023-02-06 20:31:05,591 - root - INFO - torch.Size([1, 200000])
2023-02-06 20:31:05,952 - root - INFO - Validating Model with VP15_Scenario2_5_MRF.csv
2023-02-06 20:31:06,014 - root - INFO - Validation Data Shape: (200000, 11)
2023-02-06 20:31:07,003 - root - INFO - Test Input Shape: torch.Size([1, 200000])
2023-02-06 20:31:07,003 - root - INFO - Test Target Shape: torch.Size([1, 200000])
2023-02-06 20:31:40,308 - root - INFO - torch.Size([1, 200000])
2023-02-06 20:31:40,308 - root - INFO - torch.Size([1, 200000])
2023-02-06 20:31:40,671 - root - INFO - Validating Model with VP15_Scenario2_4_MRF.csv
2023-02-06 20:31:40,728 - root - INFO - Validation Data Shape: (200000, 11)
2023-02-06 20:31:41,712 - root - INFO - Test Input Shape: torch.Size([1, 200000])
2023-02-06 20:31:41,712 - root - INFO - Test Target Shape: torch.Size([1, 200000])
2023-02-06 20:32:15,096 - root - INFO - torch.Size([1, 200000])
2023-02-06 20:32:15,096 - root - INFO - torch.Size([1, 200000])
2023-02-06 20:32:15,449 - root - INFO - Validating Model with VP15_Scenario2_3_MRF.csv
2023-02-06 20:32:15,510 - root - INFO - Validation Data Shape: (200000, 11)
2023-02-06 20:32:16,500 - root - INFO - Test Input Shape: torch.Size([1, 200000])
2023-02-06 20:32:16,501 - root - INFO - Test Target Shape: torch.Size([1, 200000])
2023-02-06 20:32:49,865 - root - INFO - torch.Size([1, 200000])
2023-02-06 20:32:49,865 - root - INFO - torch.Size([1, 200000])
2023-02-06 20:32:50,216 - root - INFO - Validating Model with VP15_Scenario2_2_MRF.csv
2023-02-06 20:32:50,273 - root - INFO - Validation Data Shape: (200000, 11)
2023-02-06 20:32:51,261 - root - INFO - Test Input Shape: torch.Size([1, 200000])
2023-02-06 20:32:51,261 - root - INFO - Test Target Shape: torch.Size([1, 200000])
2023-02-06 20:33:24,717 - root - INFO - torch.Size([1, 200000])
2023-02-06 20:33:24,717 - root - INFO - torch.Size([1, 200000])
2023-02-06 20:33:25,071 - root - INFO - Validating Model with VP15_Scenario2_1_MRF.csv
2023-02-06 20:33:25,132 - root - INFO - Validation Data Shape: (200000, 11)
2023-02-06 20:33:26,122 - root - INFO - Test Input Shape: torch.Size([1, 200000])
2023-02-06 20:33:26,122 - root - INFO - Test Target Shape: torch.Size([1, 200000])
2023-02-06 20:33:59,607 - root - INFO - torch.Size([1, 200000])
2023-02-06 20:33:59,607 - root - INFO - torch.Size([1, 200000])
2023-02-06 20:33:59,965 - root - INFO - Validating Model with VP15_Scenario2_0_MRF.csv
2023-02-06 20:34:00,020 - root - INFO - Validation Data Shape: (200000, 11)
2023-02-06 20:34:01,016 - root - INFO - Test Input Shape: torch.Size([1, 200000])
2023-02-06 20:34:01,016 - root - INFO - Test Target Shape: torch.Size([1, 200000])
2023-02-06 20:34:34,165 - root - INFO - torch.Size([1, 200000])
2023-02-06 20:34:34,165 - root - INFO - torch.Size([1, 200000])
2023-02-06 20:34:34,523 - root - INFO - Validating Model with VP10_Scenario2_0_MRF.csv
2023-02-06 20:34:34,583 - root - INFO - Validation Data Shape: (200000, 11)
2023-02-06 20:34:35,566 - root - INFO - Test Input Shape: torch.Size([1, 200000])
2023-02-06 20:34:35,566 - root - INFO - Test Target Shape: torch.Size([1, 200000])
2023-02-06 20:35:08,707 - root - INFO - torch.Size([1, 200000])
2023-02-06 20:35:08,707 - root - INFO - torch.Size([1, 200000])
2023-02-06 20:35:09,058 - root - INFO - Validating Model with VP10_Scenario2_1_MRF.csv
2023-02-06 20:35:09,115 - root - INFO - Validation Data Shape: (200000, 11)
2023-02-06 20:35:10,100 - root - INFO - Test Input Shape: torch.Size([1, 200000])
2023-02-06 20:35:10,100 - root - INFO - Test Target Shape: torch.Size([1, 200000])
2023-02-06 20:35:43,555 - root - INFO - torch.Size([1, 200000])
2023-02-06 20:35:43,555 - root - INFO - torch.Size([1, 200000])
2023-02-06 20:35:43,907 - root - INFO - Validating Model with VP10_Scenario2_2_MRF.csv
2023-02-06 20:35:43,968 - root - INFO - Validation Data Shape: (200000, 11)
2023-02-06 20:35:44,963 - root - INFO - Test Input Shape: torch.Size([1, 200000])
2023-02-06 20:35:44,963 - root - INFO - Test Target Shape: torch.Size([1, 200000])
2023-02-06 20:36:18,272 - root - INFO - torch.Size([1, 200000])
2023-02-06 20:36:18,272 - root - INFO - torch.Size([1, 200000])
2023-02-06 20:36:18,621 - root - INFO - Validating Model with VP10_Scenario2_3_MRF.csv
2023-02-06 20:36:18,678 - root - INFO - Validation Data Shape: (200000, 11)
2023-02-06 20:36:19,669 - root - INFO - Test Input Shape: torch.Size([1, 200000])
2023-02-06 20:36:19,669 - root - INFO - Test Target Shape: torch.Size([1, 200000])
2023-02-06 20:36:52,928 - root - INFO - torch.Size([1, 200000])
2023-02-06 20:36:52,928 - root - INFO - torch.Size([1, 200000])
2023-02-06 20:36:53,289 - root - INFO - Validating Model with VP10_Scenario2_4_MRF.csv
2023-02-06 20:36:53,350 - root - INFO - Validation Data Shape: (200000, 11)
2023-02-06 20:36:54,348 - root - INFO - Test Input Shape: torch.Size([1, 200000])
2023-02-06 20:36:54,348 - root - INFO - Test Target Shape: torch.Size([1, 200000])
2023-02-06 20:37:27,866 - root - INFO - torch.Size([1, 200000])
2023-02-06 20:37:27,867 - root - INFO - torch.Size([1, 200000])
2023-02-06 20:37:28,218 - root - INFO - Validating Model with VP10_Scenario2_5_MRF.csv
2023-02-06 20:37:28,266 - root - INFO - Validation Data Shape: (167633, 11)
2023-02-06 20:37:29,092 - root - INFO - Test Input Shape: torch.Size([1, 167633])
2023-02-06 20:37:29,092 - root - INFO - Test Target Shape: torch.Size([1, 167633])
2023-02-06 20:37:57,315 - root - INFO - torch.Size([1, 167633])
2023-02-06 20:37:57,315 - root - INFO - torch.Size([1, 167633])
2023-02-06 20:37:57,601 - root - INFO - Validating Model with VP18_Scenario2_0_MRF.csv
2023-02-06 20:37:57,659 - root - INFO - Validation Data Shape: (200000, 11)
2023-02-06 20:37:58,639 - root - INFO - Test Input Shape: torch.Size([1, 200000])
2023-02-06 20:37:58,639 - root - INFO - Test Target Shape: torch.Size([1, 200000])
2023-02-06 20:38:32,175 - root - INFO - torch.Size([1, 200000])
2023-02-06 20:38:32,175 - root - INFO - torch.Size([1, 200000])
2023-02-06 20:38:32,530 - root - INFO - Validating Model with VP18_Scenario2_1_MRF.csv
2023-02-06 20:38:32,590 - root - INFO - Validation Data Shape: (200000, 11)
2023-02-06 20:38:33,577 - root - INFO - Test Input Shape: torch.Size([1, 200000])
2023-02-06 20:38:33,577 - root - INFO - Test Target Shape: torch.Size([1, 200000])
2023-02-06 20:39:07,223 - root - INFO - torch.Size([1, 200000])
2023-02-06 20:39:07,223 - root - INFO - torch.Size([1, 200000])
2023-02-06 20:39:07,577 - root - INFO - Validating Model with VP18_Scenario2_2_MRF.csv
2023-02-06 20:39:07,633 - root - INFO - Validation Data Shape: (200000, 11)
2023-02-06 20:39:08,622 - root - INFO - Test Input Shape: torch.Size([1, 200000])
2023-02-06 20:39:08,622 - root - INFO - Test Target Shape: torch.Size([1, 200000])
2023-02-06 20:39:42,048 - root - INFO - torch.Size([1, 200000])
2023-02-06 20:39:42,048 - root - INFO - torch.Size([1, 200000])
2023-02-06 20:39:42,408 - root - INFO - Validating Model with VP18_Scenario2_3_MRF.csv
2023-02-06 20:39:42,469 - root - INFO - Validation Data Shape: (200000, 11)
2023-02-06 20:39:43,460 - root - INFO - Test Input Shape: torch.Size([1, 200000])
2023-02-06 20:39:43,460 - root - INFO - Test Target Shape: torch.Size([1, 200000])
2023-02-06 20:40:16,795 - root - INFO - torch.Size([1, 200000])
2023-02-06 20:40:16,795 - root - INFO - torch.Size([1, 200000])
2023-02-06 20:40:17,146 - root - INFO - Validating Model with VP18_Scenario2_4_MRF.csv
2023-02-06 20:40:17,202 - root - INFO - Validation Data Shape: (200000, 11)
2023-02-06 20:40:18,192 - root - INFO - Test Input Shape: torch.Size([1, 200000])
2023-02-06 20:40:18,192 - root - INFO - Test Target Shape: torch.Size([1, 200000])
2023-02-06 20:40:51,532 - root - INFO - torch.Size([1, 200000])
2023-02-06 20:40:51,532 - root - INFO - torch.Size([1, 200000])
2023-02-06 20:40:51,885 - root - INFO - Validating Model with VP18_Scenario2_5_MRF.csv
2023-02-06 20:40:51,945 - root - INFO - Validation Data Shape: (200000, 11)
2023-02-06 20:40:52,946 - root - INFO - Test Input Shape: torch.Size([1, 200000])
2023-02-06 20:40:52,946 - root - INFO - Test Target Shape: torch.Size([1, 200000])
2023-02-06 20:41:26,282 - root - INFO - torch.Size([1, 200000])
2023-02-06 20:41:26,282 - root - INFO - torch.Size([1, 200000])
