Using cuda device
Ruhe EKG
(200000, 8)
torch.Size([1, 200000])
torch.Size([1, 200000])
(200000, 11)
torch.Size([1, 200000])
torch.Size([1, 200000])
(200000, 11)
torch.Size([1, 200000])
torch.Size([1, 200000])
(194257, 11)
torch.Size([1, 194257])
torch.Size([1, 194257])
Ruhe EKG
(200000, 8)
torch.Size([1, 200000])
torch.Size([1, 200000])
Ruhe EKG
(66546, 8)
torch.Size([1, 66546])
torch.Size([1, 66546])
Ruhe EKG
(200000, 8)
torch.Size([1, 200000])
torch.Size([1, 200000])
Ruhe EKG
(101044, 8)
torch.Size([1, 101044])
torch.Size([1, 101044])
(200000, 11)
torch.Size([1, 200000])
torch.Size([1, 200000])
(200000, 11)
torch.Size([1, 200000])
torch.Size([1, 200000])
(189520, 11)
torch.Size([1, 189520])
torch.Size([1, 189520])
(200000, 11)
torch.Size([1, 200000])
torch.Size([1, 200000])
(200000, 11)
torch.Size([1, 200000])
torch.Size([1, 200000])
(200000, 11)
torch.Size([1, 200000])
torch.Size([1, 200000])
(191970, 11)
torch.Size([1, 191970])
torch.Size([1, 191970])
(200000, 11)
torch.Size([1, 200000])
torch.Size([1, 200000])
(200000, 11)
torch.Size([1, 200000])
torch.Size([1, 200000])
(200000, 11)
torch.Size([1, 200000])
torch.Size([1, 200000])
(200000, 11)
torch.Size([1, 200000])
torch.Size([1, 200000])
(200000, 11)
torch.Size([1, 200000])
torch.Size([1, 200000])
(200000, 11)
torch.Size([1, 200000])
torch.Size([1, 200000])
(200000, 11)
torch.Size([1, 200000])
torch.Size([1, 200000])
(200000, 11)
torch.Size([1, 200000])
torch.Size([1, 200000])
(200000, 11)
torch.Size([1, 200000])
torch.Size([1, 200000])
(200000, 11)
torch.Size([1, 200000])
torch.Size([1, 200000])
(200000, 11)
torch.Size([1, 200000])
torch.Size([1, 200000])
(200000, 11)
torch.Size([1, 200000])
torch.Size([1, 200000])
(200000, 11)
torch.Size([1, 200000])
torch.Size([1, 200000])
(167633, 11)
torch.Size([1, 167633])
torch.Size([1, 167633])
(200000, 11)
torch.Size([1, 200000])
torch.Size([1, 200000])
(200000, 11)
torch.Size([1, 200000])
torch.Size([1, 200000])
(200000, 11)
torch.Size([1, 200000])
torch.Size([1, 200000])
(200000, 11)
torch.Size([1, 200000])
torch.Size([1, 200000])
(200000, 11)
torch.Size([1, 200000])
torch.Size([1, 200000])
(200000, 11)
torch.Size([1, 200000])
torch.Size([1, 200000])
